[2023-11-14 18:14:11] local.ERROR: No arguments expected for "migrate" command, got "rollback". {"exception":"[object] (Symfony\\Component\\Console\\Exception\\RuntimeException(code: 0): No arguments expected for \"migrate\" command, got \"rollback\". at C:\\Users\\mathe\\Documents\\DevinHouse\\DEVinHouse_Modulo_2\\Atividade_M2S06\\matheus_m2S06_exercicios\\vendor\\symfony\\console\\Input\\ArgvInput.php:196)
[stacktrace]
#0 C:\\Users\\mathe\\Documents\\DevinHouse\\DEVinHouse_Modulo_2\\Atividade_M2S06\\matheus_m2S06_exercicios\\vendor\\symfony\\console\\Input\\ArgvInput.php(89): Symfony\\Component\\Console\\Input\\ArgvInput->parseArgument()
#1 C:\\Users\\mathe\\Documents\\DevinHouse\\DEVinHouse_Modulo_2\\Atividade_M2S06\\matheus_m2S06_exercicios\\vendor\\symfony\\console\\Input\\ArgvInput.php(74): Symfony\\Component\\Console\\Input\\ArgvInput->parseToken()
#2 C:\\Users\\mathe\\Documents\\DevinHouse\\DEVinHouse_Modulo_2\\Atividade_M2S06\\matheus_m2S06_exercicios\\vendor\\symfony\\console\\Input\\Input.php(55): Symfony\\Component\\Console\\Input\\ArgvInput->parse()
#3 C:\\Users\\mathe\\Documents\\DevinHouse\\DEVinHouse_Modulo_2\\Atividade_M2S06\\matheus_m2S06_exercicios\\vendor\\symfony\\console\\Command\\Command.php(285): Symfony\\Component\\Console\\Input\\Input->bind()
#4 C:\\Users\\mathe\\Documents\\DevinHouse\\DEVinHouse_Modulo_2\\Atividade_M2S06\\matheus_m2S06_exercicios\\vendor\\laravel\\framework\\src\\Illuminate\\Console\\Command.php(180): Symfony\\Component\\Console\\Command\\Command->run()
#5 C:\\Users\\mathe\\Documents\\DevinHouse\\DEVinHouse_Modulo_2\\Atividade_M2S06\\matheus_m2S06_exercicios\\vendor\\symfony\\console\\Application.php(1081): Illuminate\\Console\\Command->run()
#6 C:\\Users\\mathe\\Documents\\DevinHouse\\DEVinHouse_Modulo_2\\Atividade_M2S06\\matheus_m2S06_exercicios\\vendor\\symfony\\console\\Application.php(320): Symfony\\Component\\Console\\Application->doRunCommand()
#7 C:\\Users\\mathe\\Documents\\DevinHouse\\DEVinHouse_Modulo_2\\Atividade_M2S06\\matheus_m2S06_exercicios\\vendor\\symfony\\console\\Application.php(174): Symfony\\Component\\Console\\Application->doRun()
#8 C:\\Users\\mathe\\Documents\\DevinHouse\\DEVinHouse_Modulo_2\\Atividade_M2S06\\matheus_m2S06_exercicios\\vendor\\laravel\\framework\\src\\Illuminate\\Foundation\\Console\\Kernel.php(201): Symfony\\Component\\Console\\Application->run()
#9 C:\\Users\\mathe\\Documents\\DevinHouse\\DEVinHouse_Modulo_2\\Atividade_M2S06\\matheus_m2S06_exercicios\\artisan(35): Illuminate\\Foundation\\Console\\Kernel->handle()
#10 {main}
"} 
[2023-12-12 19:17:28] local.ERROR: Method App\Http\Controllers\PessoasController::all does not exist. {"exception":"[object] (BadMethodCallException(code: 0): Method App\\Http\\Controllers\\PessoasController::all does not exist. at C:\\Users\\mathe\\Documents\\DevinHouse\\DEVinHouse_Modulo_2\\Atividade_M2S06\\matheus_m2S06_exercicios\\vendor\\laravel\\framework\\src\\Illuminate\\Routing\\Controller.php:68)
[stacktrace]
#0 C:\\Users\\mathe\\Documents\\DevinHouse\\DEVinHouse_Modulo_2\\Atividade_M2S06\\matheus_m2S06_exercicios\\vendor\\laravel\\framework\\src\\Illuminate\\Routing\\Controller.php(54): Illuminate\\Routing\\Controller->__call()
#1 C:\\Users\\mathe\\Documents\\DevinHouse\\DEVinHouse_Modulo_2\\Atividade_M2S06\\matheus_m2S06_exercicios\\vendor\\laravel\\framework\\src\\Illuminate\\Routing\\ControllerDispatcher.php(43): Illuminate\\Routing\\Controller->callAction()
#2 C:\\Users\\mathe\\Documents\\DevinHouse\\DEVinHouse_Modulo_2\\Atividade_M2S06\\matheus_m2S06_exercicios\\vendor\\laravel\\framework\\src\\Illuminate\\Routing\\Route.php(259): Illuminate\\Routing\\ControllerDispatcher->dispatch()
#3 C:\\Users\\mathe\\Documents\\DevinHouse\\DEVinHouse_Modulo_2\\Atividade_M2S06\\matheus_m2S06_exercicios\\vendor\\laravel\\framework\\src\\Illuminate\\Routing\\Route.php(205): Illuminate\\Routing\\Route->runController()
#4 C:\\Users\\mathe\\Documents\\DevinHouse\\DEVinHouse_Modulo_2\\Atividade_M2S06\\matheus_m2S06_exercicios\\vendor\\laravel\\framework\\src\\Illuminate\\Routing\\Router.php(799): Illuminate\\Routing\\Route->run()
#5 C:\\Users\\mathe\\Documents\\DevinHouse\\DEVinHouse_Modulo_2\\Atividade_M2S06\\matheus_m2S06_exercicios\\vendor\\laravel\\framework\\src\\Illuminate\\Pipeline\\Pipeline.php(141): Illuminate\\Routing\\Router->Illuminate\\Routing\\{closure}()
#6 C:\\Users\\mathe\\Documents\\DevinHouse\\DEVinHouse_Modulo_2\\Atividade_M2S06\\matheus_m2S06_exercicios\\vendor\\laravel\\framework\\src\\Illuminate\\Routing\\Middleware\\SubstituteBindings.php(50): Illuminate\\Pipeline\\Pipeline->Illuminate\\Pipeline\\{closure}()
#7 C:\\Users\\mathe\\Documents\\DevinHouse\\DEVinHouse_Modulo_2\\Atividade_M2S06\\matheus_m2S06_exercicios\\vendor\\laravel\\framework\\src\\Illuminate\\Pipeline\\Pipeline.php(180): Illuminate\\Routing\\Middleware\\SubstituteBindings->handle()
#8 C:\\Users\\mathe\\Documents\\DevinHouse\\DEVinHouse_Modulo_2\\Atividade_M2S06\\matheus_m2S06_exercicios\\vendor\\laravel\\framework\\src\\Illuminate\\Routing\\Middleware\\ThrottleRequests.php(159): Illuminate\\Pipeline\\Pipeline->Illuminate\\Pipeline\\{closure}()
#9 C:\\Users\\mathe\\Documents\\DevinHouse\\DEVinHouse_Modulo_2\\Atividade_M2S06\\matheus_m2S06_exercicios\\vendor\\laravel\\framework\\src\\Illuminate\\Routing\\Middleware\\ThrottleRequests.php(125): Illuminate\\Routing\\Middleware\\ThrottleRequests->handleRequest()
#10 C:\\Users\\mathe\\Documents\\DevinHouse\\DEVinHouse_Modulo_2\\Atividade_M2S06\\matheus_m2S06_exercicios\\vendor\\laravel\\framework\\src\\Illuminate\\Routing\\Middleware\\ThrottleRequests.php(87): Illuminate\\Routing\\Middleware\\ThrottleRequests->handleRequestUsingNamedLimiter()
#11 C:\\Users\\mathe\\Documents\\DevinHouse\\DEVinHouse_Modulo_2\\Atividade_M2S06\\matheus_m2S06_exercicios\\vendor\\laravel\\framework\\src\\Illuminate\\Pipeline\\Pipeline.php(180): Illuminate\\Routing\\Middleware\\ThrottleRequests->handle()
#12 C:\\Users\\mathe\\Documents\\DevinHouse\\DEVinHouse_Modulo_2\\Atividade_M2S06\\matheus_m2S06_exercicios\\vendor\\laravel\\framework\\src\\Illuminate\\Pipeline\\Pipeline.php(116): Illuminate\\Pipeline\\Pipeline->Illuminate\\Pipeline\\{closure}()
#13 C:\\Users\\mathe\\Documents\\DevinHouse\\DEVinHouse_Modulo_2\\Atividade_M2S06\\matheus_m2S06_exercicios\\vendor\\laravel\\framework\\src\\Illuminate\\Routing\\Router.php(798): Illuminate\\Pipeline\\Pipeline->then()
#14 C:\\Users\\mathe\\Documents\\DevinHouse\\DEVinHouse_Modulo_2\\Atividade_M2S06\\matheus_m2S06_exercicios\\vendor\\laravel\\framework\\src\\Illuminate\\Routing\\Router.php(777): Illuminate\\Routing\\Router->runRouteWithinStack()
#15 C:\\Users\\mathe\\Documents\\DevinHouse\\DEVinHouse_Modulo_2\\Atividade_M2S06\\matheus_m2S06_exercicios\\vendor\\laravel\\framework\\src\\Illuminate\\Routing\\Router.php(741): Illuminate\\Routing\\Router->runRoute()
#16 C:\\Users\\mathe\\Documents\\DevinHouse\\DEVinHouse_Modulo_2\\Atividade_M2S06\\matheus_m2S06_exercicios\\vendor\\laravel\\framework\\src\\Illuminate\\Routing\\Router.php(730): Illuminate\\Routing\\Router->dispatchToRoute()
#17 C:\\Users\\mathe\\Documents\\DevinHouse\\DEVinHouse_Modulo_2\\Atividade_M2S06\\matheus_m2S06_exercicios\\vendor\\laravel\\framework\\src\\Illuminate\\Foundation\\Http\\Kernel.php(200): Illuminate\\Routing\\Router->dispatch()
#18 C:\\Users\\mathe\\Documents\\DevinHouse\\DEVinHouse_Modulo_2\\Atividade_M2S06\\matheus_m2S06_exercicios\\vendor\\laravel\\framework\\src\\Illuminate\\Pipeline\\Pipeline.php(141): Illuminate\\Foundation\\Http\\Kernel->Illuminate\\Foundation\\Http\\{closure}()
#19 C:\\Users\\mathe\\Documents\\DevinHouse\\DEVinHouse_Modulo_2\\Atividade_M2S06\\matheus_m2S06_exercicios\\vendor\\laravel\\framework\\src\\Illuminate\\Foundation\\Http\\Middleware\\TransformsRequest.php(21): Illuminate\\Pipeline\\Pipeline->Illuminate\\Pipeline\\{closure}()
#20 C:\\Users\\mathe\\Documents\\DevinHouse\\DEVinHouse_Modulo_2\\Atividade_M2S06\\matheus_m2S06_exercicios\\vendor\\laravel\\framework\\src\\Illuminate\\Foundation\\Http\\Middleware\\ConvertEmptyStringsToNull.php(31): Illuminate\\Foundation\\Http\\Middleware\\TransformsRequest->handle()
#21 C:\\Users\\mathe\\Documents\\DevinHouse\\DEVinHouse_Modulo_2\\Atividade_M2S06\\matheus_m2S06_exercicios\\vendor\\laravel\\framework\\src\\Illuminate\\Pipeline\\Pipeline.php(180): Illuminate\\Foundation\\Http\\Middleware\\ConvertEmptyStringsToNull->handle()
#22 C:\\Users\\mathe\\Documents\\DevinHouse\\DEVinHouse_Modulo_2\\Atividade_M2S06\\matheus_m2S06_exercicios\\vendor\\laravel\\framework\\src\\Illuminate\\Foundation\\Http\\Middleware\\TransformsRequest.php(21): Illuminate\\Pipeline\\Pipeline->Illuminate\\Pipeline\\{closure}()
#23 C:\\Users\\mathe\\Documents\\DevinHouse\\DEVinHouse_Modulo_2\\Atividade_M2S06\\matheus_m2S06_exercicios\\vendor\\laravel\\framework\\src\\Illuminate\\Foundation\\Http\\Middleware\\TrimStrings.php(40): Illuminate\\Foundation\\Http\\Middleware\\TransformsRequest->handle()
#24 C:\\Users\\mathe\\Documents\\DevinHouse\\DEVinHouse_Modulo_2\\Atividade_M2S06\\matheus_m2S06_exercicios\\vendor\\laravel\\framework\\src\\Illuminate\\Pipeline\\Pipeline.php(180): Illuminate\\Foundation\\Http\\Middleware\\TrimStrings->handle()
#25 C:\\Users\\mathe\\Documents\\DevinHouse\\DEVinHouse_Modulo_2\\Atividade_M2S06\\matheus_m2S06_exercicios\\vendor\\laravel\\framework\\src\\Illuminate\\Foundation\\Http\\Middleware\\ValidatePostSize.php(27): Illuminate\\Pipeline\\Pipeline->Illuminate\\Pipeline\\{closure}()
#26 C:\\Users\\mathe\\Documents\\DevinHouse\\DEVinHouse_Modulo_2\\Atividade_M2S06\\matheus_m2S06_exercicios\\vendor\\laravel\\framework\\src\\Illuminate\\Pipeline\\Pipeline.php(180): Illuminate\\Foundation\\Http\\Middleware\\ValidatePostSize->handle()
#27 C:\\Users\\mathe\\Documents\\DevinHouse\\DEVinHouse_Modulo_2\\Atividade_M2S06\\matheus_m2S06_exercicios\\vendor\\laravel\\framework\\src\\Illuminate\\Foundation\\Http\\Middleware\\PreventRequestsDuringMaintenance.php(99): Illuminate\\Pipeline\\Pipeline->Illuminate\\Pipeline\\{closure}()
#28 C:\\Users\\mathe\\Documents\\DevinHouse\\DEVinHouse_Modulo_2\\Atividade_M2S06\\matheus_m2S06_exercicios\\vendor\\laravel\\framework\\src\\Illuminate\\Pipeline\\Pipeline.php(180): Illuminate\\Foundation\\Http\\Middleware\\PreventRequestsDuringMaintenance->handle()
#29 C:\\Users\\mathe\\Documents\\DevinHouse\\DEVinHouse_Modulo_2\\Atividade_M2S06\\matheus_m2S06_exercicios\\vendor\\laravel\\framework\\src\\Illuminate\\Http\\Middleware\\HandleCors.php(62): Illuminate\\Pipeline\\Pipeline->Illuminate\\Pipeline\\{closure}()
#30 C:\\Users\\mathe\\Documents\\DevinHouse\\DEVinHouse_Modulo_2\\Atividade_M2S06\\matheus_m2S06_exercicios\\vendor\\laravel\\framework\\src\\Illuminate\\Pipeline\\Pipeline.php(180): Illuminate\\Http\\Middleware\\HandleCors->handle()
#31 C:\\Users\\mathe\\Documents\\DevinHouse\\DEVinHouse_Modulo_2\\Atividade_M2S06\\matheus_m2S06_exercicios\\vendor\\laravel\\framework\\src\\Illuminate\\Http\\Middleware\\TrustProxies.php(39): Illuminate\\Pipeline\\Pipeline->Illuminate\\Pipeline\\{closure}()
#32 C:\\Users\\mathe\\Documents\\DevinHouse\\DEVinHouse_Modulo_2\\Atividade_M2S06\\matheus_m2S06_exercicios\\vendor\\laravel\\framework\\src\\Illuminate\\Pipeline\\Pipeline.php(180): Illuminate\\Http\\Middleware\\TrustProxies->handle()
#33 C:\\Users\\mathe\\Documents\\DevinHouse\\DEVinHouse_Modulo_2\\Atividade_M2S06\\matheus_m2S06_exercicios\\vendor\\laravel\\framework\\src\\Illuminate\\Pipeline\\Pipeline.php(116): Illuminate\\Pipeline\\Pipeline->Illuminate\\Pipeline\\{closure}()
#34 C:\\Users\\mathe\\Documents\\DevinHouse\\DEVinHouse_Modulo_2\\Atividade_M2S06\\matheus_m2S06_exercicios\\vendor\\laravel\\framework\\src\\Illuminate\\Foundation\\Http\\Kernel.php(175): Illuminate\\Pipeline\\Pipeline->then()
#35 C:\\Users\\mathe\\Documents\\DevinHouse\\DEVinHouse_Modulo_2\\Atividade_M2S06\\matheus_m2S06_exercicios\\vendor\\laravel\\framework\\src\\Illuminate\\Foundation\\Http\\Kernel.php(144): Illuminate\\Foundation\\Http\\Kernel->sendRequestThroughRouter()
#36 C:\\Users\\mathe\\Documents\\DevinHouse\\DEVinHouse_Modulo_2\\Atividade_M2S06\\matheus_m2S06_exercicios\\public\\index.php(51): Illuminate\\Foundation\\Http\\Kernel->handle()
#37 C:\\Users\\mathe\\Documents\\DevinHouse\\DEVinHouse_Modulo_2\\Atividade_M2S06\\matheus_m2S06_exercicios\\vendor\\laravel\\framework\\src\\Illuminate\\Foundation\\resources\\server.php(16): require_once('...')
#38 {main}
"} 
[2023-12-12 19:17:49] local.ERROR: Method App\Http\Controllers\PessoasController::all does not exist. {"exception":"[object] (BadMethodCallException(code: 0): Method App\\Http\\Controllers\\PessoasController::all does not exist. at C:\\Users\\mathe\\Documents\\DevinHouse\\DEVinHouse_Modulo_2\\Atividade_M2S06\\matheus_m2S06_exercicios\\vendor\\laravel\\framework\\src\\Illuminate\\Routing\\Controller.php:68)
[stacktrace]
#0 C:\\Users\\mathe\\Documents\\DevinHouse\\DEVinHouse_Modulo_2\\Atividade_M2S06\\matheus_m2S06_exercicios\\vendor\\laravel\\framework\\src\\Illuminate\\Routing\\Controller.php(54): Illuminate\\Routing\\Controller->__call()
#1 C:\\Users\\mathe\\Documents\\DevinHouse\\DEVinHouse_Modulo_2\\Atividade_M2S06\\matheus_m2S06_exercicios\\vendor\\laravel\\framework\\src\\Illuminate\\Routing\\ControllerDispatcher.php(43): Illuminate\\Routing\\Controller->callAction()
#2 C:\\Users\\mathe\\Documents\\DevinHouse\\DEVinHouse_Modulo_2\\Atividade_M2S06\\matheus_m2S06_exercicios\\vendor\\laravel\\framework\\src\\Illuminate\\Routing\\Route.php(259): Illuminate\\Routing\\ControllerDispatcher->dispatch()
#3 C:\\Users\\mathe\\Documents\\DevinHouse\\DEVinHouse_Modulo_2\\Atividade_M2S06\\matheus_m2S06_exercicios\\vendor\\laravel\\framework\\src\\Illuminate\\Routing\\Route.php(205): Illuminate\\Routing\\Route->runController()
#4 C:\\Users\\mathe\\Documents\\DevinHouse\\DEVinHouse_Modulo_2\\Atividade_M2S06\\matheus_m2S06_exercicios\\vendor\\laravel\\framework\\src\\Illuminate\\Routing\\Router.php(799): Illuminate\\Routing\\Route->run()
#5 C:\\Users\\mathe\\Documents\\DevinHouse\\DEVinHouse_Modulo_2\\Atividade_M2S06\\matheus_m2S06_exercicios\\vendor\\laravel\\framework\\src\\Illuminate\\Pipeline\\Pipeline.php(141): Illuminate\\Routing\\Router->Illuminate\\Routing\\{closure}()
#6 C:\\Users\\mathe\\Documents\\DevinHouse\\DEVinHouse_Modulo_2\\Atividade_M2S06\\matheus_m2S06_exercicios\\vendor\\laravel\\framework\\src\\Illuminate\\Routing\\Middleware\\SubstituteBindings.php(50): Illuminate\\Pipeline\\Pipeline->Illuminate\\Pipeline\\{closure}()
#7 C:\\Users\\mathe\\Documents\\DevinHouse\\DEVinHouse_Modulo_2\\Atividade_M2S06\\matheus_m2S06_exercicios\\vendor\\laravel\\framework\\src\\Illuminate\\Pipeline\\Pipeline.php(180): Illuminate\\Routing\\Middleware\\SubstituteBindings->handle()
#8 C:\\Users\\mathe\\Documents\\DevinHouse\\DEVinHouse_Modulo_2\\Atividade_M2S06\\matheus_m2S06_exercicios\\vendor\\laravel\\framework\\src\\Illuminate\\Routing\\Middleware\\ThrottleRequests.php(159): Illuminate\\Pipeline\\Pipeline->Illuminate\\Pipeline\\{closure}()
#9 C:\\Users\\mathe\\Documents\\DevinHouse\\DEVinHouse_Modulo_2\\Atividade_M2S06\\matheus_m2S06_exercicios\\vendor\\laravel\\framework\\src\\Illuminate\\Routing\\Middleware\\ThrottleRequests.php(125): Illuminate\\Routing\\Middleware\\ThrottleRequests->handleRequest()
#10 C:\\Users\\mathe\\Documents\\DevinHouse\\DEVinHouse_Modulo_2\\Atividade_M2S06\\matheus_m2S06_exercicios\\vendor\\laravel\\framework\\src\\Illuminate\\Routing\\Middleware\\ThrottleRequests.php(87): Illuminate\\Routing\\Middleware\\ThrottleRequests->handleRequestUsingNamedLimiter()
#11 C:\\Users\\mathe\\Documents\\DevinHouse\\DEVinHouse_Modulo_2\\Atividade_M2S06\\matheus_m2S06_exercicios\\vendor\\laravel\\framework\\src\\Illuminate\\Pipeline\\Pipeline.php(180): Illuminate\\Routing\\Middleware\\ThrottleRequests->handle()
#12 C:\\Users\\mathe\\Documents\\DevinHouse\\DEVinHouse_Modulo_2\\Atividade_M2S06\\matheus_m2S06_exercicios\\vendor\\laravel\\framework\\src\\Illuminate\\Pipeline\\Pipeline.php(116): Illuminate\\Pipeline\\Pipeline->Illuminate\\Pipeline\\{closure}()
#13 C:\\Users\\mathe\\Documents\\DevinHouse\\DEVinHouse_Modulo_2\\Atividade_M2S06\\matheus_m2S06_exercicios\\vendor\\laravel\\framework\\src\\Illuminate\\Routing\\Router.php(798): Illuminate\\Pipeline\\Pipeline->then()
#14 C:\\Users\\mathe\\Documents\\DevinHouse\\DEVinHouse_Modulo_2\\Atividade_M2S06\\matheus_m2S06_exercicios\\vendor\\laravel\\framework\\src\\Illuminate\\Routing\\Router.php(777): Illuminate\\Routing\\Router->runRouteWithinStack()
#15 C:\\Users\\mathe\\Documents\\DevinHouse\\DEVinHouse_Modulo_2\\Atividade_M2S06\\matheus_m2S06_exercicios\\vendor\\laravel\\framework\\src\\Illuminate\\Routing\\Router.php(741): Illuminate\\Routing\\Router->runRoute()
#16 C:\\Users\\mathe\\Documents\\DevinHouse\\DEVinHouse_Modulo_2\\Atividade_M2S06\\matheus_m2S06_exercicios\\vendor\\laravel\\framework\\src\\Illuminate\\Routing\\Router.php(730): Illuminate\\Routing\\Router->dispatchToRoute()
#17 C:\\Users\\mathe\\Documents\\DevinHouse\\DEVinHouse_Modulo_2\\Atividade_M2S06\\matheus_m2S06_exercicios\\vendor\\laravel\\framework\\src\\Illuminate\\Foundation\\Http\\Kernel.php(200): Illuminate\\Routing\\Router->dispatch()
#18 C:\\Users\\mathe\\Documents\\DevinHouse\\DEVinHouse_Modulo_2\\Atividade_M2S06\\matheus_m2S06_exercicios\\vendor\\laravel\\framework\\src\\Illuminate\\Pipeline\\Pipeline.php(141): Illuminate\\Foundation\\Http\\Kernel->Illuminate\\Foundation\\Http\\{closure}()
#19 C:\\Users\\mathe\\Documents\\DevinHouse\\DEVinHouse_Modulo_2\\Atividade_M2S06\\matheus_m2S06_exercicios\\vendor\\laravel\\framework\\src\\Illuminate\\Foundation\\Http\\Middleware\\TransformsRequest.php(21): Illuminate\\Pipeline\\Pipeline->Illuminate\\Pipeline\\{closure}()
#20 C:\\Users\\mathe\\Documents\\DevinHouse\\DEVinHouse_Modulo_2\\Atividade_M2S06\\matheus_m2S06_exercicios\\vendor\\laravel\\framework\\src\\Illuminate\\Foundation\\Http\\Middleware\\ConvertEmptyStringsToNull.php(31): Illuminate\\Foundation\\Http\\Middleware\\TransformsRequest->handle()
#21 C:\\Users\\mathe\\Documents\\DevinHouse\\DEVinHouse_Modulo_2\\Atividade_M2S06\\matheus_m2S06_exercicios\\vendor\\laravel\\framework\\src\\Illuminate\\Pipeline\\Pipeline.php(180): Illuminate\\Foundation\\Http\\Middleware\\ConvertEmptyStringsToNull->handle()
#22 C:\\Users\\mathe\\Documents\\DevinHouse\\DEVinHouse_Modulo_2\\Atividade_M2S06\\matheus_m2S06_exercicios\\vendor\\laravel\\framework\\src\\Illuminate\\Foundation\\Http\\Middleware\\TransformsRequest.php(21): Illuminate\\Pipeline\\Pipeline->Illuminate\\Pipeline\\{closure}()
#23 C:\\Users\\mathe\\Documents\\DevinHouse\\DEVinHouse_Modulo_2\\Atividade_M2S06\\matheus_m2S06_exercicios\\vendor\\laravel\\framework\\src\\Illuminate\\Foundation\\Http\\Middleware\\TrimStrings.php(40): Illuminate\\Foundation\\Http\\Middleware\\TransformsRequest->handle()
#24 C:\\Users\\mathe\\Documents\\DevinHouse\\DEVinHouse_Modulo_2\\Atividade_M2S06\\matheus_m2S06_exercicios\\vendor\\laravel\\framework\\src\\Illuminate\\Pipeline\\Pipeline.php(180): Illuminate\\Foundation\\Http\\Middleware\\TrimStrings->handle()
#25 C:\\Users\\mathe\\Documents\\DevinHouse\\DEVinHouse_Modulo_2\\Atividade_M2S06\\matheus_m2S06_exercicios\\vendor\\laravel\\framework\\src\\Illuminate\\Foundation\\Http\\Middleware\\ValidatePostSize.php(27): Illuminate\\Pipeline\\Pipeline->Illuminate\\Pipeline\\{closure}()
#26 C:\\Users\\mathe\\Documents\\DevinHouse\\DEVinHouse_Modulo_2\\Atividade_M2S06\\matheus_m2S06_exercicios\\vendor\\laravel\\framework\\src\\Illuminate\\Pipeline\\Pipeline.php(180): Illuminate\\Foundation\\Http\\Middleware\\ValidatePostSize->handle()
#27 C:\\Users\\mathe\\Documents\\DevinHouse\\DEVinHouse_Modulo_2\\Atividade_M2S06\\matheus_m2S06_exercicios\\vendor\\laravel\\framework\\src\\Illuminate\\Foundation\\Http\\Middleware\\PreventRequestsDuringMaintenance.php(99): Illuminate\\Pipeline\\Pipeline->Illuminate\\Pipeline\\{closure}()
#28 C:\\Users\\mathe\\Documents\\DevinHouse\\DEVinHouse_Modulo_2\\Atividade_M2S06\\matheus_m2S06_exercicios\\vendor\\laravel\\framework\\src\\Illuminate\\Pipeline\\Pipeline.php(180): Illuminate\\Foundation\\Http\\Middleware\\PreventRequestsDuringMaintenance->handle()
#29 C:\\Users\\mathe\\Documents\\DevinHouse\\DEVinHouse_Modulo_2\\Atividade_M2S06\\matheus_m2S06_exercicios\\vendor\\laravel\\framework\\src\\Illuminate\\Http\\Middleware\\HandleCors.php(62): Illuminate\\Pipeline\\Pipeline->Illuminate\\Pipeline\\{closure}()
#30 C:\\Users\\mathe\\Documents\\DevinHouse\\DEVinHouse_Modulo_2\\Atividade_M2S06\\matheus_m2S06_exercicios\\vendor\\laravel\\framework\\src\\Illuminate\\Pipeline\\Pipeline.php(180): Illuminate\\Http\\Middleware\\HandleCors->handle()
#31 C:\\Users\\mathe\\Documents\\DevinHouse\\DEVinHouse_Modulo_2\\Atividade_M2S06\\matheus_m2S06_exercicios\\vendor\\laravel\\framework\\src\\Illuminate\\Http\\Middleware\\TrustProxies.php(39): Illuminate\\Pipeline\\Pipeline->Illuminate\\Pipeline\\{closure}()
#32 C:\\Users\\mathe\\Documents\\DevinHouse\\DEVinHouse_Modulo_2\\Atividade_M2S06\\matheus_m2S06_exercicios\\vendor\\laravel\\framework\\src\\Illuminate\\Pipeline\\Pipeline.php(180): Illuminate\\Http\\Middleware\\TrustProxies->handle()
#33 C:\\Users\\mathe\\Documents\\DevinHouse\\DEVinHouse_Modulo_2\\Atividade_M2S06\\matheus_m2S06_exercicios\\vendor\\laravel\\framework\\src\\Illuminate\\Pipeline\\Pipeline.php(116): Illuminate\\Pipeline\\Pipeline->Illuminate\\Pipeline\\{closure}()
#34 C:\\Users\\mathe\\Documents\\DevinHouse\\DEVinHouse_Modulo_2\\Atividade_M2S06\\matheus_m2S06_exercicios\\vendor\\laravel\\framework\\src\\Illuminate\\Foundation\\Http\\Kernel.php(175): Illuminate\\Pipeline\\Pipeline->then()
#35 C:\\Users\\mathe\\Documents\\DevinHouse\\DEVinHouse_Modulo_2\\Atividade_M2S06\\matheus_m2S06_exercicios\\vendor\\laravel\\framework\\src\\Illuminate\\Foundation\\Http\\Kernel.php(144): Illuminate\\Foundation\\Http\\Kernel->sendRequestThroughRouter()
#36 C:\\Users\\mathe\\Documents\\DevinHouse\\DEVinHouse_Modulo_2\\Atividade_M2S06\\matheus_m2S06_exercicios\\public\\index.php(51): Illuminate\\Foundation\\Http\\Kernel->handle()
#37 C:\\Users\\mathe\\Documents\\DevinHouse\\DEVinHouse_Modulo_2\\Atividade_M2S06\\matheus_m2S06_exercicios\\vendor\\laravel\\framework\\src\\Illuminate\\Foundation\\resources\\server.php(16): require_once('...')
#38 {main}
"} 
[2023-12-12 19:18:11] local.ERROR: Method App\Http\Controllers\PessoasController::all does not exist. {"exception":"[object] (BadMethodCallException(code: 0): Method App\\Http\\Controllers\\PessoasController::all does not exist. at C:\\Users\\mathe\\Documents\\DevinHouse\\DEVinHouse_Modulo_2\\Atividade_M2S06\\matheus_m2S06_exercicios\\vendor\\laravel\\framework\\src\\Illuminate\\Routing\\Controller.php:68)
[stacktrace]
#0 C:\\Users\\mathe\\Documents\\DevinHouse\\DEVinHouse_Modulo_2\\Atividade_M2S06\\matheus_m2S06_exercicios\\vendor\\laravel\\framework\\src\\Illuminate\\Routing\\Controller.php(54): Illuminate\\Routing\\Controller->__call()
#1 C:\\Users\\mathe\\Documents\\DevinHouse\\DEVinHouse_Modulo_2\\Atividade_M2S06\\matheus_m2S06_exercicios\\vendor\\laravel\\framework\\src\\Illuminate\\Routing\\ControllerDispatcher.php(43): Illuminate\\Routing\\Controller->callAction()
#2 C:\\Users\\mathe\\Documents\\DevinHouse\\DEVinHouse_Modulo_2\\Atividade_M2S06\\matheus_m2S06_exercicios\\vendor\\laravel\\framework\\src\\Illuminate\\Routing\\Route.php(259): Illuminate\\Routing\\ControllerDispatcher->dispatch()
#3 C:\\Users\\mathe\\Documents\\DevinHouse\\DEVinHouse_Modulo_2\\Atividade_M2S06\\matheus_m2S06_exercicios\\vendor\\laravel\\framework\\src\\Illuminate\\Routing\\Route.php(205): Illuminate\\Routing\\Route->runController()
#4 C:\\Users\\mathe\\Documents\\DevinHouse\\DEVinHouse_Modulo_2\\Atividade_M2S06\\matheus_m2S06_exercicios\\vendor\\laravel\\framework\\src\\Illuminate\\Routing\\Router.php(799): Illuminate\\Routing\\Route->run()
#5 C:\\Users\\mathe\\Documents\\DevinHouse\\DEVinHouse_Modulo_2\\Atividade_M2S06\\matheus_m2S06_exercicios\\vendor\\laravel\\framework\\src\\Illuminate\\Pipeline\\Pipeline.php(141): Illuminate\\Routing\\Router->Illuminate\\Routing\\{closure}()
#6 C:\\Users\\mathe\\Documents\\DevinHouse\\DEVinHouse_Modulo_2\\Atividade_M2S06\\matheus_m2S06_exercicios\\vendor\\laravel\\framework\\src\\Illuminate\\Routing\\Middleware\\SubstituteBindings.php(50): Illuminate\\Pipeline\\Pipeline->Illuminate\\Pipeline\\{closure}()
#7 C:\\Users\\mathe\\Documents\\DevinHouse\\DEVinHouse_Modulo_2\\Atividade_M2S06\\matheus_m2S06_exercicios\\vendor\\laravel\\framework\\src\\Illuminate\\Pipeline\\Pipeline.php(180): Illuminate\\Routing\\Middleware\\SubstituteBindings->handle()
#8 C:\\Users\\mathe\\Documents\\DevinHouse\\DEVinHouse_Modulo_2\\Atividade_M2S06\\matheus_m2S06_exercicios\\vendor\\laravel\\framework\\src\\Illuminate\\Routing\\Middleware\\ThrottleRequests.php(159): Illuminate\\Pipeline\\Pipeline->Illuminate\\Pipeline\\{closure}()
#9 C:\\Users\\mathe\\Documents\\DevinHouse\\DEVinHouse_Modulo_2\\Atividade_M2S06\\matheus_m2S06_exercicios\\vendor\\laravel\\framework\\src\\Illuminate\\Routing\\Middleware\\ThrottleRequests.php(125): Illuminate\\Routing\\Middleware\\ThrottleRequests->handleRequest()
#10 C:\\Users\\mathe\\Documents\\DevinHouse\\DEVinHouse_Modulo_2\\Atividade_M2S06\\matheus_m2S06_exercicios\\vendor\\laravel\\framework\\src\\Illuminate\\Routing\\Middleware\\ThrottleRequests.php(87): Illuminate\\Routing\\Middleware\\ThrottleRequests->handleRequestUsingNamedLimiter()
#11 C:\\Users\\mathe\\Documents\\DevinHouse\\DEVinHouse_Modulo_2\\Atividade_M2S06\\matheus_m2S06_exercicios\\vendor\\laravel\\framework\\src\\Illuminate\\Pipeline\\Pipeline.php(180): Illuminate\\Routing\\Middleware\\ThrottleRequests->handle()
#12 C:\\Users\\mathe\\Documents\\DevinHouse\\DEVinHouse_Modulo_2\\Atividade_M2S06\\matheus_m2S06_exercicios\\vendor\\laravel\\framework\\src\\Illuminate\\Pipeline\\Pipeline.php(116): Illuminate\\Pipeline\\Pipeline->Illuminate\\Pipeline\\{closure}()
#13 C:\\Users\\mathe\\Documents\\DevinHouse\\DEVinHouse_Modulo_2\\Atividade_M2S06\\matheus_m2S06_exercicios\\vendor\\laravel\\framework\\src\\Illuminate\\Routing\\Router.php(798): Illuminate\\Pipeline\\Pipeline->then()
#14 C:\\Users\\mathe\\Documents\\DevinHouse\\DEVinHouse_Modulo_2\\Atividade_M2S06\\matheus_m2S06_exercicios\\vendor\\laravel\\framework\\src\\Illuminate\\Routing\\Router.php(777): Illuminate\\Routing\\Router->runRouteWithinStack()
#15 C:\\Users\\mathe\\Documents\\DevinHouse\\DEVinHouse_Modulo_2\\Atividade_M2S06\\matheus_m2S06_exercicios\\vendor\\laravel\\framework\\src\\Illuminate\\Routing\\Router.php(741): Illuminate\\Routing\\Router->runRoute()
#16 C:\\Users\\mathe\\Documents\\DevinHouse\\DEVinHouse_Modulo_2\\Atividade_M2S06\\matheus_m2S06_exercicios\\vendor\\laravel\\framework\\src\\Illuminate\\Routing\\Router.php(730): Illuminate\\Routing\\Router->dispatchToRoute()
#17 C:\\Users\\mathe\\Documents\\DevinHouse\\DEVinHouse_Modulo_2\\Atividade_M2S06\\matheus_m2S06_exercicios\\vendor\\laravel\\framework\\src\\Illuminate\\Foundation\\Http\\Kernel.php(200): Illuminate\\Routing\\Router->dispatch()
#18 C:\\Users\\mathe\\Documents\\DevinHouse\\DEVinHouse_Modulo_2\\Atividade_M2S06\\matheus_m2S06_exercicios\\vendor\\laravel\\framework\\src\\Illuminate\\Pipeline\\Pipeline.php(141): Illuminate\\Foundation\\Http\\Kernel->Illuminate\\Foundation\\Http\\{closure}()
#19 C:\\Users\\mathe\\Documents\\DevinHouse\\DEVinHouse_Modulo_2\\Atividade_M2S06\\matheus_m2S06_exercicios\\vendor\\laravel\\framework\\src\\Illuminate\\Foundation\\Http\\Middleware\\TransformsRequest.php(21): Illuminate\\Pipeline\\Pipeline->Illuminate\\Pipeline\\{closure}()
#20 C:\\Users\\mathe\\Documents\\DevinHouse\\DEVinHouse_Modulo_2\\Atividade_M2S06\\matheus_m2S06_exercicios\\vendor\\laravel\\framework\\src\\Illuminate\\Foundation\\Http\\Middleware\\ConvertEmptyStringsToNull.php(31): Illuminate\\Foundation\\Http\\Middleware\\TransformsRequest->handle()
#21 C:\\Users\\mathe\\Documents\\DevinHouse\\DEVinHouse_Modulo_2\\Atividade_M2S06\\matheus_m2S06_exercicios\\vendor\\laravel\\framework\\src\\Illuminate\\Pipeline\\Pipeline.php(180): Illuminate\\Foundation\\Http\\Middleware\\ConvertEmptyStringsToNull->handle()
#22 C:\\Users\\mathe\\Documents\\DevinHouse\\DEVinHouse_Modulo_2\\Atividade_M2S06\\matheus_m2S06_exercicios\\vendor\\laravel\\framework\\src\\Illuminate\\Foundation\\Http\\Middleware\\TransformsRequest.php(21): Illuminate\\Pipeline\\Pipeline->Illuminate\\Pipeline\\{closure}()
#23 C:\\Users\\mathe\\Documents\\DevinHouse\\DEVinHouse_Modulo_2\\Atividade_M2S06\\matheus_m2S06_exercicios\\vendor\\laravel\\framework\\src\\Illuminate\\Foundation\\Http\\Middleware\\TrimStrings.php(40): Illuminate\\Foundation\\Http\\Middleware\\TransformsRequest->handle()
#24 C:\\Users\\mathe\\Documents\\DevinHouse\\DEVinHouse_Modulo_2\\Atividade_M2S06\\matheus_m2S06_exercicios\\vendor\\laravel\\framework\\src\\Illuminate\\Pipeline\\Pipeline.php(180): Illuminate\\Foundation\\Http\\Middleware\\TrimStrings->handle()
#25 C:\\Users\\mathe\\Documents\\DevinHouse\\DEVinHouse_Modulo_2\\Atividade_M2S06\\matheus_m2S06_exercicios\\vendor\\laravel\\framework\\src\\Illuminate\\Foundation\\Http\\Middleware\\ValidatePostSize.php(27): Illuminate\\Pipeline\\Pipeline->Illuminate\\Pipeline\\{closure}()
#26 C:\\Users\\mathe\\Documents\\DevinHouse\\DEVinHouse_Modulo_2\\Atividade_M2S06\\matheus_m2S06_exercicios\\vendor\\laravel\\framework\\src\\Illuminate\\Pipeline\\Pipeline.php(180): Illuminate\\Foundation\\Http\\Middleware\\ValidatePostSize->handle()
#27 C:\\Users\\mathe\\Documents\\DevinHouse\\DEVinHouse_Modulo_2\\Atividade_M2S06\\matheus_m2S06_exercicios\\vendor\\laravel\\framework\\src\\Illuminate\\Foundation\\Http\\Middleware\\PreventRequestsDuringMaintenance.php(99): Illuminate\\Pipeline\\Pipeline->Illuminate\\Pipeline\\{closure}()
#28 C:\\Users\\mathe\\Documents\\DevinHouse\\DEVinHouse_Modulo_2\\Atividade_M2S06\\matheus_m2S06_exercicios\\vendor\\laravel\\framework\\src\\Illuminate\\Pipeline\\Pipeline.php(180): Illuminate\\Foundation\\Http\\Middleware\\PreventRequestsDuringMaintenance->handle()
#29 C:\\Users\\mathe\\Documents\\DevinHouse\\DEVinHouse_Modulo_2\\Atividade_M2S06\\matheus_m2S06_exercicios\\vendor\\laravel\\framework\\src\\Illuminate\\Http\\Middleware\\HandleCors.php(62): Illuminate\\Pipeline\\Pipeline->Illuminate\\Pipeline\\{closure}()
#30 C:\\Users\\mathe\\Documents\\DevinHouse\\DEVinHouse_Modulo_2\\Atividade_M2S06\\matheus_m2S06_exercicios\\vendor\\laravel\\framework\\src\\Illuminate\\Pipeline\\Pipeline.php(180): Illuminate\\Http\\Middleware\\HandleCors->handle()
#31 C:\\Users\\mathe\\Documents\\DevinHouse\\DEVinHouse_Modulo_2\\Atividade_M2S06\\matheus_m2S06_exercicios\\vendor\\laravel\\framework\\src\\Illuminate\\Http\\Middleware\\TrustProxies.php(39): Illuminate\\Pipeline\\Pipeline->Illuminate\\Pipeline\\{closure}()
#32 C:\\Users\\mathe\\Documents\\DevinHouse\\DEVinHouse_Modulo_2\\Atividade_M2S06\\matheus_m2S06_exercicios\\vendor\\laravel\\framework\\src\\Illuminate\\Pipeline\\Pipeline.php(180): Illuminate\\Http\\Middleware\\TrustProxies->handle()
#33 C:\\Users\\mathe\\Documents\\DevinHouse\\DEVinHouse_Modulo_2\\Atividade_M2S06\\matheus_m2S06_exercicios\\vendor\\laravel\\framework\\src\\Illuminate\\Pipeline\\Pipeline.php(116): Illuminate\\Pipeline\\Pipeline->Illuminate\\Pipeline\\{closure}()
#34 C:\\Users\\mathe\\Documents\\DevinHouse\\DEVinHouse_Modulo_2\\Atividade_M2S06\\matheus_m2S06_exercicios\\vendor\\laravel\\framework\\src\\Illuminate\\Foundation\\Http\\Kernel.php(175): Illuminate\\Pipeline\\Pipeline->then()
#35 C:\\Users\\mathe\\Documents\\DevinHouse\\DEVinHouse_Modulo_2\\Atividade_M2S06\\matheus_m2S06_exercicios\\vendor\\laravel\\framework\\src\\Illuminate\\Foundation\\Http\\Kernel.php(144): Illuminate\\Foundation\\Http\\Kernel->sendRequestThroughRouter()
#36 C:\\Users\\mathe\\Documents\\DevinHouse\\DEVinHouse_Modulo_2\\Atividade_M2S06\\matheus_m2S06_exercicios\\public\\index.php(51): Illuminate\\Foundation\\Http\\Kernel->handle()
#37 C:\\Users\\mathe\\Documents\\DevinHouse\\DEVinHouse_Modulo_2\\Atividade_M2S06\\matheus_m2S06_exercicios\\vendor\\laravel\\framework\\src\\Illuminate\\Foundation\\resources\\server.php(16): require_once('...')
#38 {main}
"} 
[2023-12-14 14:01:12] local.ERROR: Call to a member function update() on null {"exception":"[object] (Error(code: 0): Call to a member function update() on null at C:\\Users\\mathe\\Documents\\DevinHouse\\DEVinHouse_Modulo_2\\Atividade_M2S06\\matheus_m2S06_exercicios\\app\\Http\\Controllers\\PessoasController.php:43)
[stacktrace]
#0 C:\\Users\\mathe\\Documents\\DevinHouse\\DEVinHouse_Modulo_2\\Atividade_M2S06\\matheus_m2S06_exercicios\\vendor\\laravel\\framework\\src\\Illuminate\\Routing\\Controller.php(54): App\\Http\\Controllers\\PessoasController->update()
#1 C:\\Users\\mathe\\Documents\\DevinHouse\\DEVinHouse_Modulo_2\\Atividade_M2S06\\matheus_m2S06_exercicios\\vendor\\laravel\\framework\\src\\Illuminate\\Routing\\ControllerDispatcher.php(43): Illuminate\\Routing\\Controller->callAction()
#2 C:\\Users\\mathe\\Documents\\DevinHouse\\DEVinHouse_Modulo_2\\Atividade_M2S06\\matheus_m2S06_exercicios\\vendor\\laravel\\framework\\src\\Illuminate\\Routing\\Route.php(259): Illuminate\\Routing\\ControllerDispatcher->dispatch()
#3 C:\\Users\\mathe\\Documents\\DevinHouse\\DEVinHouse_Modulo_2\\Atividade_M2S06\\matheus_m2S06_exercicios\\vendor\\laravel\\framework\\src\\Illuminate\\Routing\\Route.php(205): Illuminate\\Routing\\Route->runController()
#4 C:\\Users\\mathe\\Documents\\DevinHouse\\DEVinHouse_Modulo_2\\Atividade_M2S06\\matheus_m2S06_exercicios\\vendor\\laravel\\framework\\src\\Illuminate\\Routing\\Router.php(799): Illuminate\\Routing\\Route->run()
#5 C:\\Users\\mathe\\Documents\\DevinHouse\\DEVinHouse_Modulo_2\\Atividade_M2S06\\matheus_m2S06_exercicios\\vendor\\laravel\\framework\\src\\Illuminate\\Pipeline\\Pipeline.php(141): Illuminate\\Routing\\Router->Illuminate\\Routing\\{closure}()
#6 C:\\Users\\mathe\\Documents\\DevinHouse\\DEVinHouse_Modulo_2\\Atividade_M2S06\\matheus_m2S06_exercicios\\vendor\\laravel\\framework\\src\\Illuminate\\Routing\\Middleware\\SubstituteBindings.php(50): Illuminate\\Pipeline\\Pipeline->Illuminate\\Pipeline\\{closure}()
#7 C:\\Users\\mathe\\Documents\\DevinHouse\\DEVinHouse_Modulo_2\\Atividade_M2S06\\matheus_m2S06_exercicios\\vendor\\laravel\\framework\\src\\Illuminate\\Pipeline\\Pipeline.php(180): Illuminate\\Routing\\Middleware\\SubstituteBindings->handle()
#8 C:\\Users\\mathe\\Documents\\DevinHouse\\DEVinHouse_Modulo_2\\Atividade_M2S06\\matheus_m2S06_exercicios\\vendor\\laravel\\framework\\src\\Illuminate\\Routing\\Middleware\\ThrottleRequests.php(159): Illuminate\\Pipeline\\Pipeline->Illuminate\\Pipeline\\{closure}()
#9 C:\\Users\\mathe\\Documents\\DevinHouse\\DEVinHouse_Modulo_2\\Atividade_M2S06\\matheus_m2S06_exercicios\\vendor\\laravel\\framework\\src\\Illuminate\\Routing\\Middleware\\ThrottleRequests.php(125): Illuminate\\Routing\\Middleware\\ThrottleRequests->handleRequest()
#10 C:\\Users\\mathe\\Documents\\DevinHouse\\DEVinHouse_Modulo_2\\Atividade_M2S06\\matheus_m2S06_exercicios\\vendor\\laravel\\framework\\src\\Illuminate\\Routing\\Middleware\\ThrottleRequests.php(87): Illuminate\\Routing\\Middleware\\ThrottleRequests->handleRequestUsingNamedLimiter()
#11 C:\\Users\\mathe\\Documents\\DevinHouse\\DEVinHouse_Modulo_2\\Atividade_M2S06\\matheus_m2S06_exercicios\\vendor\\laravel\\framework\\src\\Illuminate\\Pipeline\\Pipeline.php(180): Illuminate\\Routing\\Middleware\\ThrottleRequests->handle()
#12 C:\\Users\\mathe\\Documents\\DevinHouse\\DEVinHouse_Modulo_2\\Atividade_M2S06\\matheus_m2S06_exercicios\\vendor\\laravel\\framework\\src\\Illuminate\\Pipeline\\Pipeline.php(116): Illuminate\\Pipeline\\Pipeline->Illuminate\\Pipeline\\{closure}()
#13 C:\\Users\\mathe\\Documents\\DevinHouse\\DEVinHouse_Modulo_2\\Atividade_M2S06\\matheus_m2S06_exercicios\\vendor\\laravel\\framework\\src\\Illuminate\\Routing\\Router.php(798): Illuminate\\Pipeline\\Pipeline->then()
#14 C:\\Users\\mathe\\Documents\\DevinHouse\\DEVinHouse_Modulo_2\\Atividade_M2S06\\matheus_m2S06_exercicios\\vendor\\laravel\\framework\\src\\Illuminate\\Routing\\Router.php(777): Illuminate\\Routing\\Router->runRouteWithinStack()
#15 C:\\Users\\mathe\\Documents\\DevinHouse\\DEVinHouse_Modulo_2\\Atividade_M2S06\\matheus_m2S06_exercicios\\vendor\\laravel\\framework\\src\\Illuminate\\Routing\\Router.php(741): Illuminate\\Routing\\Router->runRoute()
#16 C:\\Users\\mathe\\Documents\\DevinHouse\\DEVinHouse_Modulo_2\\Atividade_M2S06\\matheus_m2S06_exercicios\\vendor\\laravel\\framework\\src\\Illuminate\\Routing\\Router.php(730): Illuminate\\Routing\\Router->dispatchToRoute()
#17 C:\\Users\\mathe\\Documents\\DevinHouse\\DEVinHouse_Modulo_2\\Atividade_M2S06\\matheus_m2S06_exercicios\\vendor\\laravel\\framework\\src\\Illuminate\\Foundation\\Http\\Kernel.php(200): Illuminate\\Routing\\Router->dispatch()
#18 C:\\Users\\mathe\\Documents\\DevinHouse\\DEVinHouse_Modulo_2\\Atividade_M2S06\\matheus_m2S06_exercicios\\vendor\\laravel\\framework\\src\\Illuminate\\Pipeline\\Pipeline.php(141): Illuminate\\Foundation\\Http\\Kernel->Illuminate\\Foundation\\Http\\{closure}()
#19 C:\\Users\\mathe\\Documents\\DevinHouse\\DEVinHouse_Modulo_2\\Atividade_M2S06\\matheus_m2S06_exercicios\\vendor\\laravel\\framework\\src\\Illuminate\\Foundation\\Http\\Middleware\\TransformsRequest.php(21): Illuminate\\Pipeline\\Pipeline->Illuminate\\Pipeline\\{closure}()
#20 C:\\Users\\mathe\\Documents\\DevinHouse\\DEVinHouse_Modulo_2\\Atividade_M2S06\\matheus_m2S06_exercicios\\vendor\\laravel\\framework\\src\\Illuminate\\Foundation\\Http\\Middleware\\ConvertEmptyStringsToNull.php(31): Illuminate\\Foundation\\Http\\Middleware\\TransformsRequest->handle()
#21 C:\\Users\\mathe\\Documents\\DevinHouse\\DEVinHouse_Modulo_2\\Atividade_M2S06\\matheus_m2S06_exercicios\\vendor\\laravel\\framework\\src\\Illuminate\\Pipeline\\Pipeline.php(180): Illuminate\\Foundation\\Http\\Middleware\\ConvertEmptyStringsToNull->handle()
#22 C:\\Users\\mathe\\Documents\\DevinHouse\\DEVinHouse_Modulo_2\\Atividade_M2S06\\matheus_m2S06_exercicios\\vendor\\laravel\\framework\\src\\Illuminate\\Foundation\\Http\\Middleware\\TransformsRequest.php(21): Illuminate\\Pipeline\\Pipeline->Illuminate\\Pipeline\\{closure}()
#23 C:\\Users\\mathe\\Documents\\DevinHouse\\DEVinHouse_Modulo_2\\Atividade_M2S06\\matheus_m2S06_exercicios\\vendor\\laravel\\framework\\src\\Illuminate\\Foundation\\Http\\Middleware\\TrimStrings.php(40): Illuminate\\Foundation\\Http\\Middleware\\TransformsRequest->handle()
#24 C:\\Users\\mathe\\Documents\\DevinHouse\\DEVinHouse_Modulo_2\\Atividade_M2S06\\matheus_m2S06_exercicios\\vendor\\laravel\\framework\\src\\Illuminate\\Pipeline\\Pipeline.php(180): Illuminate\\Foundation\\Http\\Middleware\\TrimStrings->handle()
#25 C:\\Users\\mathe\\Documents\\DevinHouse\\DEVinHouse_Modulo_2\\Atividade_M2S06\\matheus_m2S06_exercicios\\vendor\\laravel\\framework\\src\\Illuminate\\Foundation\\Http\\Middleware\\ValidatePostSize.php(27): Illuminate\\Pipeline\\Pipeline->Illuminate\\Pipeline\\{closure}()
#26 C:\\Users\\mathe\\Documents\\DevinHouse\\DEVinHouse_Modulo_2\\Atividade_M2S06\\matheus_m2S06_exercicios\\vendor\\laravel\\framework\\src\\Illuminate\\Pipeline\\Pipeline.php(180): Illuminate\\Foundation\\Http\\Middleware\\ValidatePostSize->handle()
#27 C:\\Users\\mathe\\Documents\\DevinHouse\\DEVinHouse_Modulo_2\\Atividade_M2S06\\matheus_m2S06_exercicios\\vendor\\laravel\\framework\\src\\Illuminate\\Foundation\\Http\\Middleware\\PreventRequestsDuringMaintenance.php(99): Illuminate\\Pipeline\\Pipeline->Illuminate\\Pipeline\\{closure}()
#28 C:\\Users\\mathe\\Documents\\DevinHouse\\DEVinHouse_Modulo_2\\Atividade_M2S06\\matheus_m2S06_exercicios\\vendor\\laravel\\framework\\src\\Illuminate\\Pipeline\\Pipeline.php(180): Illuminate\\Foundation\\Http\\Middleware\\PreventRequestsDuringMaintenance->handle()
#29 C:\\Users\\mathe\\Documents\\DevinHouse\\DEVinHouse_Modulo_2\\Atividade_M2S06\\matheus_m2S06_exercicios\\vendor\\laravel\\framework\\src\\Illuminate\\Http\\Middleware\\HandleCors.php(62): Illuminate\\Pipeline\\Pipeline->Illuminate\\Pipeline\\{closure}()
#30 C:\\Users\\mathe\\Documents\\DevinHouse\\DEVinHouse_Modulo_2\\Atividade_M2S06\\matheus_m2S06_exercicios\\vendor\\laravel\\framework\\src\\Illuminate\\Pipeline\\Pipeline.php(180): Illuminate\\Http\\Middleware\\HandleCors->handle()
#31 C:\\Users\\mathe\\Documents\\DevinHouse\\DEVinHouse_Modulo_2\\Atividade_M2S06\\matheus_m2S06_exercicios\\vendor\\laravel\\framework\\src\\Illuminate\\Http\\Middleware\\TrustProxies.php(39): Illuminate\\Pipeline\\Pipeline->Illuminate\\Pipeline\\{closure}()
#32 C:\\Users\\mathe\\Documents\\DevinHouse\\DEVinHouse_Modulo_2\\Atividade_M2S06\\matheus_m2S06_exercicios\\vendor\\laravel\\framework\\src\\Illuminate\\Pipeline\\Pipeline.php(180): Illuminate\\Http\\Middleware\\TrustProxies->handle()
#33 C:\\Users\\mathe\\Documents\\DevinHouse\\DEVinHouse_Modulo_2\\Atividade_M2S06\\matheus_m2S06_exercicios\\vendor\\laravel\\framework\\src\\Illuminate\\Pipeline\\Pipeline.php(116): Illuminate\\Pipeline\\Pipeline->Illuminate\\Pipeline\\{closure}()
#34 C:\\Users\\mathe\\Documents\\DevinHouse\\DEVinHouse_Modulo_2\\Atividade_M2S06\\matheus_m2S06_exercicios\\vendor\\laravel\\framework\\src\\Illuminate\\Foundation\\Http\\Kernel.php(175): Illuminate\\Pipeline\\Pipeline->then()
#35 C:\\Users\\mathe\\Documents\\DevinHouse\\DEVinHouse_Modulo_2\\Atividade_M2S06\\matheus_m2S06_exercicios\\vendor\\laravel\\framework\\src\\Illuminate\\Foundation\\Http\\Kernel.php(144): Illuminate\\Foundation\\Http\\Kernel->sendRequestThroughRouter()
#36 C:\\Users\\mathe\\Documents\\DevinHouse\\DEVinHouse_Modulo_2\\Atividade_M2S06\\matheus_m2S06_exercicios\\public\\index.php(51): Illuminate\\Foundation\\Http\\Kernel->handle()
#37 C:\\Users\\mathe\\Documents\\DevinHouse\\DEVinHouse_Modulo_2\\Atividade_M2S06\\matheus_m2S06_exercicios\\vendor\\laravel\\framework\\src\\Illuminate\\Foundation\\resources\\server.php(16): require_once('...')
#38 {main}
"} 
